{"chat_id":1281548385,"command":"nuber","level":"info","msg":"Начало обработки команды","time":"2024-11-26T10:22:27+03:00","timestamp":"2024-11-26T10:22:27.6447064+03:00","user_id":1281548385}
{"chat_id":1281548385,"command":"nuber","level":"info","msg":"Команда обработана","time":"2024-11-26T10:22:27+03:00","timestamp":220995900,"user_id":1281548385}
{"chat_id":1281548385,"command":"photo","level":"info","msg":"Начало обработки команды","time":"2024-11-26T10:22:37+03:00","timestamp":"2024-11-26T10:22:37.7874648+03:00","user_id":1281548385}
{"chat_id":1281548385,"command":"photo","level":"info","msg":"Команда обработана","time":"2024-11-26T10:22:37+03:00","timestamp":103740700,"user_id":1281548385}
{"chat_id":1281548385,"command":"start","level":"info","msg":"Начало обработки команды","time":"2024-11-26T10:22:45+03:00","timestamp":"2024-11-26T10:22:45.4598332+03:00","user_id":1281548385}
{"chat_id":1281548385,"command":"start","level":"info","msg":"Команда обработана","time":"2024-11-26T10:22:45+03:00","timestamp":100393800,"user_id":1281548385}
{"chat_id":1281548385,"command":"late","level":"info","msg":"Начало обработки команды","time":"2024-11-26T10:22:48+03:00","timestamp":"2024-11-26T10:22:48.2261773+03:00","user_id":1281548385}
{"chat_id":1281548385,"command":"late","level":"info","msg":"Команда обработана","time":"2024-11-26T10:22:48+03:00","timestamp":110721700,"user_id":1281548385}
{"chat_id":1281548385,"command":"late","level":"info","msg":"Начало обработки команды","time":"2024-11-26T10:23:37+03:00","timestamp":"2024-11-26T10:23:37.5346264+03:00","user_id":1281548385}
{"chat_id":1281548385,"command":"late","level":"info","msg":"Команда обработана","time":"2024-11-26T10:23:37+03:00","timestamp":104801000,"user_id":1281548385}
{"chat_id":1281548385,"command":"help","level":"info","msg":"Начало обработки команды","time":"2024-11-26T10:24:08+03:00","timestamp":"2024-11-26T10:24:08.8003536+03:00","user_id":1281548385}
{"chat_id":1281548385,"command":"help","level":"info","msg":"Команда обработана","time":"2024-11-26T10:24:08+03:00","timestamp":102109500,"user_id":1281548385}
{"chat_id":1281548385,"command":"start","level":"info","msg":"Начало обработки команды","time":"2024-11-26T10:25:10+03:00","timestamp":"2024-11-26T10:25:10.2645213+03:00","user_id":1281548385}
{"chat_id":1281548385,"command":"start","level":"info","msg":"Команда обработана","time":"2024-11-26T10:25:10+03:00","timestamp":194530800,"user_id":1281548385}
{"chat_id":1281548385,"command":"help","level":"info","msg":"Начало обработки команды","time":"2024-11-26T10:25:11+03:00","timestamp":"2024-11-26T10:25:11.8259728+03:00","user_id":1281548385}
{"chat_id":1281548385,"command":"help","level":"info","msg":"Команда обработана","time":"2024-11-26T10:25:12+03:00","timestamp":234340300,"user_id":1281548385}
{"chat_id":1281548385,"command":"sites","level":"info","msg":"Начало обработки команды","time":"2024-11-26T10:25:13+03:00","timestamp":"2024-11-26T10:25:13.4390174+03:00","user_id":1281548385}
{"chat_id":1281548385,"command":"sites","level":"info","msg":"Команда обработана","time":"2024-11-26T10:25:13+03:00","timestamp":193094700,"user_id":1281548385}
{"chat_id":1281548385,"command":"sites","level":"info","msg":"Начало обработки команды","time":"2024-11-26T10:26:54+03:00","timestamp":"2024-11-26T10:26:54.3813465+03:00","user_id":1281548385}
{"chat_id":1281548385,"command":"sites","level":"info","msg":"Команда обработана","time":"2024-11-26T10:26:54+03:00","timestamp":130157000,"user_id":1281548385}
{"chat_id":1281548385,"command":"sites","level":"info","msg":"Начало обработки команды","time":"2024-11-26T10:26:58+03:00","timestamp":"2024-11-26T10:26:58.5827675+03:00","user_id":1281548385}
{"chat_id":1281548385,"command":"sites","level":"info","msg":"Команда обработана","time":"2024-11-26T10:26:58+03:00","timestamp":168521300,"user_id":1281548385}
{"chat_id":1281548385,"command":"photo","level":"info","msg":"Начало обработки команды","time":"2024-11-26T10:46:05+03:00","timestamp":"2024-11-26T10:46:05.6807598+03:00","user_id":1281548385}
{"chat_id":1281548385,"command":"photo","level":"info","msg":"Команда обработана","time":"2024-11-26T10:46:05+03:00","timestamp":171525100,"user_id":1281548385}
{"chat_id":1281548385,"command":"photo","level":"info","msg":"Начало обработки команды","time":"2024-11-26T10:47:01+03:00","timestamp":"2024-11-26T10:47:01.7599965+03:00","user_id":1281548385}
{"chat_id":1281548385,"command":"photo","level":"info","msg":"Команда обработана","time":"2024-11-26T10:47:01+03:00","timestamp":118722100,"user_id":1281548385}
{"chat_id":1281548385,"command":"photo","level":"info","msg":"Начало обработки команды","time":"2024-11-27T10:39:25+03:00","timestamp":"2024-11-27T10:39:25.1063839+03:00","user_id":1281548385}
{"chat_id":1281548385,"command":"photo","level":"info","msg":"Команда обработана","time":"2024-11-27T10:39:25+03:00","timestamp":232081600,"user_id":1281548385}
{"chat_id":1281548385,"command":"photo","level":"info","msg":"Начало обработки команды","time":"2024-11-27T10:46:44+03:00","timestamp":"2024-11-27T10:46:44.3159898+03:00","user_id":1281548385}
{"chat_id":1281548385,"command":"photo","level":"info","msg":"Команда обработана","time":"2024-11-27T10:46:44+03:00","timestamp":143416400,"user_id":1281548385}
{"chat_id":1281548385,"command":"photo","level":"info","msg":"Начало обработки команды","time":"2024-11-27T10:48:07+03:00","timestamp":"2024-11-27T10:48:07.0649368+03:00","user_id":1281548385}
{"chat_id":1281548385,"command":"photo","level":"info","msg":"Команда обработана","time":"2024-11-27T10:48:07+03:00","timestamp":116844800,"user_id":1281548385}
{"chat_id":1281548385,"command":"photo","level":"info","msg":"Начало обработки команды","time":"2024-11-27T10:48:11+03:00","timestamp":"2024-11-27T10:48:11.4300302+03:00","user_id":1281548385}
{"chat_id":1281548385,"command":"photo","level":"info","msg":"Команда обработана","time":"2024-11-27T10:48:11+03:00","timestamp":109713500,"user_id":1281548385}
{"chat_id":1281548385,"command":"call","level":"info","msg":"Начало обработки команды","time":"2024-11-27T10:48:27+03:00","timestamp":"2024-11-27T10:48:27.5406614+03:00","user_id":1281548385}
{"chat_id":1281548385,"command":"call","level":"info","msg":"Команда обработана","time":"2024-11-27T10:48:27+03:00","timestamp":229064500,"user_id":1281548385}
{"chat_id":1281548385,"command":"call","level":"info","msg":"Начало обработки команды","time":"2024-11-27T10:50:53+03:00","timestamp":"2024-11-27T10:50:53.4374148+03:00","user_id":1281548385}
{"chat_id":1281548385,"command":"call","level":"info","msg":"Команда обработана","time":"2024-11-27T10:50:54+03:00","timestamp":654289400,"user_id":1281548385}
{"chat_id":1281548385,"command":"photo","level":"info","msg":"Начало обработки команды","time":"2024-11-27T10:50:56+03:00","timestamp":"2024-11-27T10:50:56.0849522+03:00","user_id":1281548385}
{"chat_id":1281548385,"command":"photo","level":"info","msg":"Команда обработана","time":"2024-11-27T10:50:56+03:00","timestamp":725225300,"user_id":1281548385}
{"chat_id":1281548385,"command":"photo","level":"info","msg":"Начало обработки команды","time":"2024-11-27T10:56:04+03:00","timestamp":"2024-11-27T10:56:04.1870851+03:00","user_id":1281548385}
{"chat_id":1281548385,"command":"photo","level":"info","msg":"Команда обработана","time":"2024-11-27T10:56:04+03:00","timestamp":565508100,"user_id":1281548385}
{"chat_id":1281548385,"command":"sites","level":"info","msg":"Начало обработки команды","time":"2024-11-27T10:56:17+03:00","timestamp":"2024-11-27T10:56:17.9623341+03:00","user_id":1281548385}
{"chat_id":1281548385,"command":"sites","level":"info","msg":"Команда обработана","time":"2024-11-27T10:56:18+03:00","timestamp":118274500,"user_id":1281548385}
{"chat_id":1281548385,"command":"sites","level":"info","msg":"Начало обработки команды","time":"2024-11-27T10:56:37+03:00","timestamp":"2024-11-27T10:56:37.93847+03:00","user_id":1281548385}
{"chat_id":1281548385,"command":"sites","level":"info","msg":"Команда обработана","time":"2024-11-27T10:56:38+03:00","timestamp":136127600,"user_id":1281548385}
{"chat_id":1281548385,"command":"sites","level":"info","msg":"Начало обработки команды","time":"2024-11-27T10:56:40+03:00","timestamp":"2024-11-27T10:56:40.308053+03:00","user_id":1281548385}
{"chat_id":1281548385,"command":"sites","level":"info","msg":"Команда обработана","time":"2024-11-27T10:56:40+03:00","timestamp":129757600,"user_id":1281548385}
{"chat_id":1281548385,"command":"photo","level":"info","msg":"Начало обработки команды","time":"2024-11-27T16:04:12+03:00","timestamp":"2024-11-27T16:04:12.9332261+03:00","user_id":1281548385}
{"chat_id":1281548385,"command":"photo","level":"info","msg":"Команда обработана","time":"2024-11-27T16:04:14+03:00","timestamp":1672134400,"user_id":1281548385}
{"chat_id":1281548385,"command":"call","level":"info","msg":"Начало обработки команды","time":"2024-11-27T16:04:30+03:00","timestamp":"2024-11-27T16:04:30.6208677+03:00","user_id":1281548385}
{"chat_id":1281548385,"command":"call","level":"info","msg":"Команда обработана","time":"2024-11-27T16:04:32+03:00","timestamp":1384817100,"user_id":1281548385}
{"chat_id":1281548385,"command":"start","level":"info","msg":"Начало обработки команды","time":"2024-11-27T16:05:22+03:00","timestamp":"2024-11-27T16:05:22.8424554+03:00","user_id":1281548385}
{"chat_id":1281548385,"command":"start","level":"info","msg":"Команда обработана","time":"2024-11-27T16:05:22+03:00","timestamp":73207700,"user_id":1281548385}
{"chat_id":1281548385,"command":"help","level":"info","msg":"Начало обработки команды","time":"2024-11-27T16:08:03+03:00","timestamp":"2024-11-27T16:08:03.9561884+03:00","user_id":1281548385}
{"chat_id":1281548385,"command":"help","level":"info","msg":"Команда обработана","time":"2024-11-27T16:08:04+03:00","timestamp":69336700,"user_id":1281548385}
{"chat_id":1281548385,"command":"late","level":"info","msg":"Начало обработки команды","time":"2024-11-27T16:09:10+03:00","timestamp":"2024-11-27T16:09:10.8991346+03:00","user_id":1281548385}
{"chat_id":1281548385,"command":"late","level":"info","msg":"Команда обработана","time":"2024-11-27T16:09:10+03:00","timestamp":62414100,"user_id":1281548385}
{"chat_id":1281548385,"command":"nuber","level":"info","msg":"Начало обработки команды","time":"2024-11-27T16:09:23+03:00","timestamp":"2024-11-27T16:09:23.1889032+03:00","user_id":1281548385}
{"chat_id":1281548385,"command":"nuber","level":"info","msg":"Команда обработана","time":"2024-11-27T16:09:23+03:00","timestamp":61615100,"user_id":1281548385}
{"chat_id":1281548385,"command":"photo","level":"info","msg":"Начало обработки команды","time":"2024-11-27T16:09:57+03:00","timestamp":"2024-11-27T16:09:57.1207765+03:00","user_id":1281548385}
{"chat_id":1281548385,"command":"photo","level":"info","msg":"Команда обработана","time":"2024-11-27T16:09:57+03:00","timestamp":364913000,"user_id":1281548385}
{"chat_id":1281548385,"command":"call","level":"info","msg":"Начало обработки команды","time":"2024-11-27T16:10:49+03:00","timestamp":"2024-11-27T16:10:49.7550114+03:00","user_id":1281548385}
{"chat_id":1281548385,"command":"call","level":"info","msg":"Команда обработана","time":"2024-11-27T16:10:51+03:00","timestamp":1888933800,"user_id":1281548385}
{"chat_id":1281548385,"command":"help","level":"info","msg":"Начало обработки команды","time":"2024-11-27T16:10:59+03:00","timestamp":"2024-11-27T16:10:59.6826443+03:00","user_id":1281548385}
{"chat_id":1281548385,"command":"help","level":"info","msg":"Команда обработана","time":"2024-11-27T16:10:59+03:00","timestamp":77376800,"user_id":1281548385}
{"chat_id":1281548385,"command":"help","level":"info","msg":"Начало обработки команды","time":"2024-11-27T16:11:06+03:00","timestamp":"2024-11-27T16:11:06.2454769+03:00","user_id":1281548385}
{"chat_id":1281548385,"command":"help","level":"info","msg":"Команда обработана","time":"2024-11-27T16:11:06+03:00","timestamp":68318400,"user_id":1281548385}
{"chat_id":1281548385,"command":"photo","level":"info","msg":"Начало обработки команды","time":"2024-11-27T16:11:09+03:00","timestamp":"2024-11-27T16:11:09.7975007+03:00","user_id":1281548385}
{"chat_id":1281548385,"command":"photo","level":"info","msg":"Команда обработана","time":"2024-11-27T16:11:10+03:00","timestamp":233074900,"user_id":1281548385}
{"chat_id":1281548385,"command":"sites","level":"info","msg":"Начало обработки команды","time":"2024-11-27T16:11:30+03:00","timestamp":"2024-11-27T16:11:30.9327208+03:00","user_id":1281548385}
{"chat_id":1281548385,"command":"sites","level":"info","msg":"Команда обработана","time":"2024-11-27T16:11:31+03:00","timestamp":142425700,"user_id":1281548385}
{"chat_id":1281548385,"command":"help","level":"info","msg":"Начало обработки команды","time":"2024-11-27T16:11:33+03:00","timestamp":"2024-11-27T16:11:33.7727566+03:00","user_id":1281548385}
{"chat_id":1281548385,"command":"help","level":"info","msg":"Команда обработана","time":"2024-11-27T16:11:33+03:00","timestamp":90068400,"user_id":1281548385}
{"chat_id":1281548385,"command":"start","level":"info","msg":"Начало обработки команды","time":"2024-11-27T16:11:35+03:00","timestamp":"2024-11-27T16:11:35.5919411+03:00","user_id":1281548385}
{"chat_id":1281548385,"command":"start","level":"info","msg":"Команда обработана","time":"2024-11-27T16:11:35+03:00","timestamp":66157800,"user_id":1281548385}
{"chat_id":1281548385,"command":"call","level":"info","msg":"Начало обработки команды","time":"2024-11-27T16:11:37+03:00","timestamp":"2024-11-27T16:11:37.7011806+03:00","user_id":1281548385}
{"chat_id":1281548385,"command":"call","level":"info","msg":"Команда обработана","time":"2024-11-27T16:11:38+03:00","timestamp":464209400,"user_id":1281548385}
{"chat_id":1281548385,"command":"late","level":"info","msg":"Начало обработки команды","time":"2024-11-27T16:11:39+03:00","timestamp":"2024-11-27T16:11:39.8503495+03:00","user_id":1281548385}
{"chat_id":1281548385,"command":"late","level":"info","msg":"Команда обработана","time":"2024-11-27T16:11:40+03:00","timestamp":152387300,"user_id":1281548385}
{"chat_id":1281548385,"command":"late","level":"info","msg":"Начало обработки команды","time":"2024-11-28T08:55:08+03:00","timestamp":"2024-11-28T08:55:08.6802978+03:00","user_id":1281548385}
{"chat_id":1281548385,"command":"late","level":"info","msg":"Команда обработана","time":"2024-11-28T08:55:08+03:00","timestamp":100293900,"user_id":1281548385}
